  GameNode.cpp
  Image.cpp
  KeyManager.cpp
  MainGame.cpp
  Missile.cpp
D:\기타\Gyeongill\Gyeongill\Homework\4Month\200504_Homework\Portress\Portress\macroFunction.h(95,13): warning C4244: '초기화 중': 'double'에서 'float'(으)로 변환하면서 데이터가 손실될 수 있습니다.
D:\기타\Gyeongill\Gyeongill\Homework\4Month\200504_Homework\Portress\Portress\macroFunction.h(95,13): warning C4244: '초기화 중': 'double'에서 'float'(으)로 변환하면서 데이터가 손실될 수 있습니다.
D:\기타\Gyeongill\Gyeongill\Homework\4Month\200504_Homework\Portress\Portress\Missile.cpp(38,40): warning C4244: '인수': 'float'에서 'int'(으)로 변환하면서 데이터가 손실될 수 있습니다.
  Tank.cpp
D:\기타\Gyeongill\Gyeongill\Homework\4Month\200504_Homework\Portress\Portress\Missile.cpp(38,33): warning C4244: '인수': 'float'에서 'int'(으)로 변환하면서 데이터가 손실될 수 있습니다.
D:\기타\Gyeongill\Gyeongill\Homework\4Month\200504_Homework\Portress\Portress\macroFunction.h(95,13): warning C4244: '초기화 중': 'double'에서 'float'(으)로 변환하면서 데이터가 손실될 수 있습니다.
D:\기타\Gyeongill\Gyeongill\Homework\4Month\200504_Homework\Portress\Portress\Tank.cpp(10,27): warning C4305: '=': 'double'에서 'float'(으)로 잘립니다.
D:\기타\Gyeongill\Gyeongill\Homework\4Month\200504_Homework\Portress\Portress\Tank.cpp(52,39): warning C4244: '인수': 'float'에서 'int'(으)로 변환하면서 데이터가 손실될 수 있습니다.
D:\기타\Gyeongill\Gyeongill\Homework\4Month\200504_Homework\Portress\Portress\Tank.cpp(52,32): warning C4244: '인수': 'float'에서 'int'(으)로 변환하면서 데이터가 손실될 수 있습니다.
D:\기타\Gyeongill\Gyeongill\Homework\4Month\200504_Homework\Portress\Portress\Tank.cpp(54,54): warning C4244: '인수': 'float'에서 'int'(으)로 변환하면서 데이터가 손실될 수 있습니다.
D:\기타\Gyeongill\Gyeongill\Homework\4Month\200504_Homework\Portress\Portress\Tank.cpp(54,41): warning C4244: '인수': 'float'에서 'int'(으)로 변환하면서 데이터가 손실될 수 있습니다.
D:\기타\Gyeongill\Gyeongill\Homework\4Month\200504_Homework\Portress\Portress\Tank.cpp(54,28): warning C4244: '인수': 'float'에서 'int'(으)로 변환하면서 데이터가 손실될 수 있습니다.
  main.cpp
D:\기타\Gyeongill\Gyeongill\Homework\4Month\200504_Homework\Portress\Portress\Tank.cpp(54,21): warning C4244: '인수': 'float'에서 'int'(으)로 변환하면서 데이터가 손실될 수 있습니다.
  코드를 생성하고 있습니다...
D:\기타\Gyeongill\Gyeongill\Homework\4Month\200504_Homework\Portress\Portress\main.cpp(35,12): warning C4244: '인수': 'time_t'에서 'unsigned int'(으)로 변환하면서 데이터가 손실될 수 있습니다.
  LINK : D:\기타\Gyeongill\Gyeongill\Homework\4Month\200504_Homework\Portress\Debug\Portress.exe을(를) 찾을 수 없거나 마지막 증분 링크에 의해 빌드되지 않았습니다. 전체 링크를 수행하고 있습니다.
  Portress.vcxproj -> D:\기타\Gyeongill\Gyeongill\Homework\4Month\200504_Homework\Portress\Debug\Portress.exe
